#-----------------------------------------------------------
# Vivado v2020.1 (64-bit)
# SW Build 2902540 on Wed May 27 19:54:49 MDT 2020
# IP Build 2902112 on Wed May 27 22:43:36 MDT 2020
# Start of session at: Thu Nov 21 19:49:07 2024
# Process ID: 13296
# Current directory: C:/Users/V/Downloads/Car_Maze_Game/Car_Maze_Game
# Command line: vivado.exe -gui_launcher_event rodinguilauncherevent4440 C:\Users\V\Downloads\Car_Maze_Game\Car_Maze_Game\project_2.xpr
# Log file: C:/Users/V/Downloads/Car_Maze_Game/Car_Maze_Game/vivado.log
# Journal file: C:/Users/V/Downloads/Car_Maze_Game/Car_Maze_Game\vivado.jou
#-----------------------------------------------------------
start_gui
open_project C:/Users/V/Downloads/Car_Maze_Game/Car_Maze_Game/project_2.xpr
Scanning sources...
Finished scanning sources
INFO: [IP_Flow 19-234] Refreshing IP repositories
INFO: [IP_Flow 19-1704] No user IP repositories specified
INFO: [IP_Flow 19-2313] Loaded Vivado IP repository 'C:/Xilinx/Vivado/2020.1/data/ip'.
open_project: Time (s): cpu = 00:00:10 ; elapsed = 00:00:10 . Memory (MB): peak = 1028.363 ; gain = 0.000
update_compile_order -fileset sources_1
reset_run synth_1
launch_runs impl_1 -jobs 6
[Thu Nov 21 22:01:47 2024] Launched synth_1...
Run output will be captured here: C:/Users/V/Downloads/Car_Maze_Game/Car_Maze_Game/project_2.runs/synth_1/runme.log
[Thu Nov 21 22:01:47 2024] Launched impl_1...
Run output will be captured here: C:/Users/V/Downloads/Car_Maze_Game/Car_Maze_Game/project_2.runs/impl_1/runme.log
exit
INFO: [Common 17-206] Exiting Vivado at Thu Nov 21 22:31:26 2024...
