#-----------------------------------------------------------
# Vivado v2020.1 (64-bit)
# SW Build 2902540 on Wed May 27 19:54:49 MDT 2020
# IP Build 2902112 on Wed May 27 22:43:36 MDT 2020
# Start of session at: Wed Dec 11 21:23:31 2024
# Process ID: 41640
# Current directory: D:/Car_Maze_Game/Car_Maze_Game
# Command line: vivado.exe -gui_launcher_event rodinguilauncherevent40432 D:\Car_Maze_Game\Car_Maze_Game\project_2.xpr
# Log file: D:/Car_Maze_Game/Car_Maze_Game/vivado.log
# Journal file: D:/Car_Maze_Game/Car_Maze_Game\vivado.jou
#-----------------------------------------------------------
start_gui
open_project D:/Car_Maze_Game/Car_Maze_Game/project_2.xpr
INFO: [Project 1-313] Project file moved from 'C:/Users/mh08951/OneDrive - Habib University/Apps/Car_Maze_Game/Car_Maze_Game' since last save.
Scanning sources...
Finished scanning sources
INFO: [IP_Flow 19-234] Refreshing IP repositories
INFO: [IP_Flow 19-1704] No user IP repositories specified
INFO: [IP_Flow 19-2313] Loaded Vivado IP repository 'C:/Xilinx/Vivado/2020.1/data/ip'.
open_project: Time (s): cpu = 00:00:18 ; elapsed = 00:01:04 . Memory (MB): peak = 1028.301 ; gain = 0.000
update_compile_order -fileset sources_1
reset_run synth_1
WARNING: [Vivado 12-1017] Problems encountered:
1. Failed to delete one or more files in run directory D:/Car_Maze_Game/Car_Maze_Game/project_2.runs/synth_1

launch_runs synth_1 -jobs 4
[Wed Dec 11 21:52:56 2024] Launched synth_1...
Run output will be captured here: D:/Car_Maze_Game/Car_Maze_Game/project_2.runs/synth_1/runme.log
reset_run synth_1
WARNING: [Vivado 12-1017] Problems encountered:
1. Failed to delete one or more files in run directory D:/Car_Maze_Game/Car_Maze_Game/project_2.runs/synth_1

launch_runs synth_1 -jobs 4
[Wed Dec 11 21:57:26 2024] Launched synth_1...
Run output will be captured here: D:/Car_Maze_Game/Car_Maze_Game/project_2.runs/synth_1/runme.log
reset_run synth_1
WARNING: [Vivado 12-1017] Problems encountered:
1. Failed to delete one or more files in run directory D:/Car_Maze_Game/Car_Maze_Game/project_2.runs/synth_1

launch_runs synth_1 -jobs 4
[Wed Dec 11 22:05:12 2024] Launched synth_1...
Run output will be captured here: D:/Car_Maze_Game/Car_Maze_Game/project_2.runs/synth_1/runme.log
reset_run synth_1
WARNING: [Vivado 12-1017] Problems encountered:
1. Failed to delete one or more files in run directory D:/Car_Maze_Game/Car_Maze_Game/project_2.runs/synth_1

launch_runs synth_1 -jobs 4
[Wed Dec 11 22:06:04 2024] Launched synth_1...
Run output will be captured here: D:/Car_Maze_Game/Car_Maze_Game/project_2.runs/synth_1/runme.log
reset_run synth_1
WARNING: [Vivado 12-1017] Problems encountered:
1. Failed to delete one or more files in run directory D:/Car_Maze_Game/Car_Maze_Game/project_2.runs/synth_1

launch_runs synth_1 -jobs 4
[Wed Dec 11 22:06:47 2024] Launched synth_1...
Run output will be captured here: D:/Car_Maze_Game/Car_Maze_Game/project_2.runs/synth_1/runme.log
launch_runs impl_1 -jobs 4
[Wed Dec 11 22:07:41 2024] Launched impl_1...
Run output will be captured here: D:/Car_Maze_Game/Car_Maze_Game/project_2.runs/impl_1/runme.log
open_run impl_1
INFO: [Device 21-403] Loading part xc7a35tcpg236-1
Netlist sorting complete. Time (s): cpu = 00:00:00 ; elapsed = 00:00:00.007 . Memory (MB): peak = 1066.469 ; gain = 0.000
INFO: [Netlist 29-17] Analyzing 8 Unisim elements for replacement
INFO: [Netlist 29-28] Unisim Transformation completed in 0 CPU seconds
INFO: [Project 1-479] Netlist was created with Vivado 2020.1
INFO: [Project 1-570] Preparing netlist for logic optimization
INFO: [Timing 38-478] Restoring timing data from binary archive.
INFO: [Timing 38-479] Binary timing data restore complete.
INFO: [Project 1-856] Restoring constraints from binary archive.
INFO: [Project 1-853] Binary constraint restore complete.
Reading XDEF placement.
Reading placer database...
Reading XDEF routing.
Read XDEF File: Time (s): cpu = 00:00:00 ; elapsed = 00:00:00.069 . Memory (MB): peak = 1727.105 ; gain = 0.000
Restored from archive | CPU: 0.000000 secs | Memory: 0.000000 MB |
Finished XDEF File Restore: Time (s): cpu = 00:00:00 ; elapsed = 00:00:00.070 . Memory (MB): peak = 1727.105 ; gain = 0.000
Netlist sorting complete. Time (s): cpu = 00:00:00 ; elapsed = 00:00:00 . Memory (MB): peak = 1727.105 ; gain = 0.000
INFO: [Project 1-111] Unisim Transformation Summary:
No Unisim elements were transformed.

open_run: Time (s): cpu = 00:00:29 ; elapsed = 00:00:22 . Memory (MB): peak = 1878.195 ; gain = 849.895
WARNING: [Timing 38-313] There are no user specified timing constraints. Timing constraints are needed for proper timing analysis.
place_ports ir_pin1 G2
set_property IOSTANDARD LVCMOS33 [get_ports [list ir_pin1]]
place_ports ir_pin2 N2
set_property IOSTANDARD LVCMOS33 [get_ports [list ir_pin2]]
place_ports ir_pin3 C16
place_ports ir_pin4 R18
set_property IOSTANDARD LVCMOS33 [get_ports [list ir_pin4]]
set_property IOSTANDARD LVCMOS33 [get_ports [list ir_pin3]]
save_constraints
reset_run impl_1
launch_runs impl_1 -jobs 4
[Wed Dec 11 22:11:37 2024] Launched impl_1...
Run output will be captured here: D:/Car_Maze_Game/Car_Maze_Game/project_2.runs/impl_1/runme.log
launch_runs impl_1 -to_step write_bitstream -jobs 4
[Wed Dec 11 22:13:07 2024] Launched impl_1...
Run output will be captured here: D:/Car_Maze_Game/Car_Maze_Game/project_2.runs/impl_1/runme.log
open_hw_manager
connect_hw_server -allow_non_jtag
INFO: [Labtools 27-2285] Connecting to hw_server url TCP:localhost:3121
INFO: [Labtools 27-2222] Launching hw_server...
INFO: [Labtools 27-2221] Launch Output:

****** Xilinx hw_server v2020.1
  **** Build date : May 27 2020 at 20:24:38
    ** Copyright 1986-2020 Xilinx, Inc. All Rights Reserved.


ERROR: [Labtools 27-3461] Cannot support an older version of hw_server.
connect_hw_server: Time (s): cpu = 00:00:00 ; elapsed = 00:00:15 . Memory (MB): peak = 2125.676 ; gain = 16.336
ERROR: [Common 17-39] 'connect_hw_server' failed due to earlier errors.
