
*** Running vivado
    with args -log TopLevelModule_vga.vds -m64 -product Vivado -mode batch -messageDb vivado.pb -notrace -source TopLevelModule_vga.tcl



****** Vivado v2020.1 (64-bit)
  **** SW Build 2902540 on Wed May 27 19:54:49 MDT 2020
  **** IP Build 2902112 on Wed May 27 22:43:36 MDT 2020
    ** Copyright 1986-2020 Xilinx, Inc. All Rights Reserved.

source TopLevelModule_vga.tcl -notrace
Command: synth_design -top TopLevelModule_vga -part xc7a35tcpg236-1
Starting synth_design
Attempting to get a license for feature 'Synthesis' and/or device 'xc7a35t'
INFO: [Common 17-349] Got license for feature 'Synthesis' and/or device 'xc7a35t'
INFO: [Device 21-403] Loading part xc7a35tcpg236-1
INFO: [Synth 8-7079] Multithreading enabled for synth_design using a maximum of 2 processes.
INFO: [Synth 8-7078] Launching helper process for spawning children vivado processes
INFO: [Synth 8-7075] Helper process launched with PID 22624
WARNING: [Synth 8-2611] redeclaration of ansi port h_count is not allowed [C:/Users/V/Desktop/Car_Maze_Game/project_2.srcs/sources_1/new/h_counter.v:7]
WARNING: [Synth 8-2611] redeclaration of ansi port trig_v is not allowed [C:/Users/V/Desktop/Car_Maze_Game/project_2.srcs/sources_1/new/h_counter.v:8]
---------------------------------------------------------------------------------
Starting RTL Elaboration : Time (s): cpu = 00:00:03 ; elapsed = 00:00:05 . Memory (MB): peak = 1025.289 ; gain = 0.000
---------------------------------------------------------------------------------
INFO: [Synth 8-6157] synthesizing module 'TopLevelModule_vga' [C:/Users/V/Desktop/Car_Maze_Game/project_2.srcs/sources_1/new/top_module.v:2]
INFO: [Synth 8-6157] synthesizing module 'clk_div' [C:/Users/V/Desktop/Car_Maze_Game/project_2.srcs/sources_1/new/clk_div.v:2]
	Parameter div bound to: 1 - type: integer 
INFO: [Synth 8-6155] done synthesizing module 'clk_div' (1#1) [C:/Users/V/Desktop/Car_Maze_Game/project_2.srcs/sources_1/new/clk_div.v:2]
INFO: [Synth 8-6157] synthesizing module 'h_counter' [C:/Users/V/Desktop/Car_Maze_Game/project_2.srcs/sources_1/new/h_counter.v:2]
INFO: [Synth 8-6155] done synthesizing module 'h_counter' (2#1) [C:/Users/V/Desktop/Car_Maze_Game/project_2.srcs/sources_1/new/h_counter.v:2]
INFO: [Synth 8-6157] synthesizing module 'v_counter' [C:/Users/V/Desktop/Car_Maze_Game/project_2.srcs/sources_1/new/v_counter.v:2]
INFO: [Synth 8-6155] done synthesizing module 'v_counter' (3#1) [C:/Users/V/Desktop/Car_Maze_Game/project_2.srcs/sources_1/new/v_counter.v:2]
INFO: [Synth 8-6157] synthesizing module 'vga_sync' [C:/Users/V/Desktop/Car_Maze_Game/project_2.srcs/sources_1/new/VGA_sync.v:2]
	Parameter HD bound to: 640 - type: integer 
	Parameter HF bound to: 16 - type: integer 
	Parameter HB bound to: 48 - type: integer 
	Parameter HR bound to: 96 - type: integer 
	Parameter VD bound to: 480 - type: integer 
	Parameter VF bound to: 10 - type: integer 
	Parameter VB bound to: 33 - type: integer 
	Parameter VR bound to: 2 - type: integer 
INFO: [Synth 8-6155] done synthesizing module 'vga_sync' (4#1) [C:/Users/V/Desktop/Car_Maze_Game/project_2.srcs/sources_1/new/VGA_sync.v:2]
INFO: [Synth 8-6157] synthesizing module 'ir_sensor' [C:/Users/V/Desktop/Car_Maze_Game/project_2.srcs/sources_1/new/ir_sensor.v:3]
INFO: [Synth 8-6155] done synthesizing module 'ir_sensor' (5#1) [C:/Users/V/Desktop/Car_Maze_Game/project_2.srcs/sources_1/new/ir_sensor.v:3]
INFO: [Synth 8-6157] synthesizing module 'car_collided' [C:/Users/V/Desktop/Car_Maze_Game/project_2.srcs/sources_1/new/car_collided.v:4]
INFO: [Synth 8-6155] done synthesizing module 'car_collided' (6#1) [C:/Users/V/Desktop/Car_Maze_Game/project_2.srcs/sources_1/new/car_collided.v:4]
INFO: [Synth 8-6157] synthesizing module 'pixel_gen' [C:/Users/V/Desktop/Car_Maze_Game/project_2.srcs/sources_1/new/pxl_gen.v:2]
INFO: [Synth 8-6155] done synthesizing module 'pixel_gen' (7#1) [C:/Users/V/Desktop/Car_Maze_Game/project_2.srcs/sources_1/new/pxl_gen.v:2]
INFO: [Synth 8-6157] synthesizing module 'maze' [C:/Users/V/Desktop/Car_Maze_Game/project_2.srcs/sources_1/new/maze.v:2]
INFO: [Synth 8-6155] done synthesizing module 'maze' (8#1) [C:/Users/V/Desktop/Car_Maze_Game/project_2.srcs/sources_1/new/maze.v:2]
INFO: [Synth 8-6157] synthesizing module 'checkpoint1screen' [C:/Users/V/Desktop/Car_Maze_Game/project_2.srcs/sources_1/new/checkpoint1screen.v:2]
INFO: [Synth 8-6155] done synthesizing module 'checkpoint1screen' (9#1) [C:/Users/V/Desktop/Car_Maze_Game/project_2.srcs/sources_1/new/checkpoint1screen.v:2]
INFO: [Synth 8-6157] synthesizing module 'checkpoint2screen' [C:/Users/V/Desktop/Car_Maze_Game/project_2.srcs/sources_1/new/checkpoint2screen.v:2]
INFO: [Synth 8-6155] done synthesizing module 'checkpoint2screen' (10#1) [C:/Users/V/Desktop/Car_Maze_Game/project_2.srcs/sources_1/new/checkpoint2screen.v:2]
INFO: [Synth 8-6157] synthesizing module 'game_over' [C:/Users/V/Desktop/Car_Maze_Game/project_2.srcs/sources_1/new/game_over.v:2]
INFO: [Synth 8-6155] done synthesizing module 'game_over' (11#1) [C:/Users/V/Desktop/Car_Maze_Game/project_2.srcs/sources_1/new/game_over.v:2]
WARNING: [Synth 8-689] width (1) of port connection 'green' does not match port width (4) of module 'game_over' [C:/Users/V/Desktop/Car_Maze_Game/project_2.srcs/sources_1/new/top_module.v:170]
INFO: [Synth 8-6157] synthesizing module 'numbers' [C:/Users/V/Desktop/Car_Maze_Game/project_2.srcs/sources_1/new/numbers.v:3]
INFO: [Synth 8-6155] done synthesizing module 'numbers' (12#1) [C:/Users/V/Desktop/Car_Maze_Game/project_2.srcs/sources_1/new/numbers.v:3]
INFO: [Synth 8-6155] done synthesizing module 'TopLevelModule_vga' (13#1) [C:/Users/V/Desktop/Car_Maze_Game/project_2.srcs/sources_1/new/top_module.v:2]
---------------------------------------------------------------------------------
Finished RTL Elaboration : Time (s): cpu = 00:00:03 ; elapsed = 00:00:07 . Memory (MB): peak = 1025.289 ; gain = 0.000
---------------------------------------------------------------------------------
---------------------------------------------------------------------------------
Start Handling Custom Attributes
---------------------------------------------------------------------------------
---------------------------------------------------------------------------------
Finished Handling Custom Attributes : Time (s): cpu = 00:00:04 ; elapsed = 00:00:08 . Memory (MB): peak = 1025.289 ; gain = 0.000
---------------------------------------------------------------------------------
---------------------------------------------------------------------------------
Finished RTL Optimization Phase 1 : Time (s): cpu = 00:00:04 ; elapsed = 00:00:08 . Memory (MB): peak = 1025.289 ; gain = 0.000
---------------------------------------------------------------------------------
Netlist sorting complete. Time (s): cpu = 00:00:00 ; elapsed = 00:00:00.026 . Memory (MB): peak = 1025.289 ; gain = 0.000
INFO: [Project 1-570] Preparing netlist for logic optimization

Processing XDC Constraints
Initializing timing engine
Parsing XDC File [C:/Users/V/Desktop/Car_Maze_Game/project_2.srcs/constrs_1/new/vga.xdc]
Finished Parsing XDC File [C:/Users/V/Desktop/Car_Maze_Game/project_2.srcs/constrs_1/new/vga.xdc]
INFO: [Project 1-236] Implementation specific constraints were found while reading constraint file [C:/Users/V/Desktop/Car_Maze_Game/project_2.srcs/constrs_1/new/vga.xdc]. These constraints will be ignored for synthesis but will be used in implementation. Impacted constraints are listed in the file [.Xil/TopLevelModule_vga_propImpl.xdc].
Resolution: To avoid this warning, move constraints listed in [.Xil/TopLevelModule_vga_propImpl.xdc] to another XDC file and exclude this new file from synthesis with the used_in_synthesis property (File Properties dialog in GUI) and re-run elaboration/synthesis.
Completed Processing XDC Constraints

Netlist sorting complete. Time (s): cpu = 00:00:00 ; elapsed = 00:00:00.001 . Memory (MB): peak = 1066.383 ; gain = 0.000
INFO: [Project 1-111] Unisim Transformation Summary:
No Unisim elements were transformed.

Constraint Validation Runtime : Time (s): cpu = 00:00:00 ; elapsed = 00:00:00.008 . Memory (MB): peak = 1066.383 ; gain = 0.000
---------------------------------------------------------------------------------
Finished Constraint Validation : Time (s): cpu = 00:00:07 ; elapsed = 00:00:15 . Memory (MB): peak = 1066.383 ; gain = 41.094
---------------------------------------------------------------------------------
---------------------------------------------------------------------------------
Start Loading Part and Timing Information
---------------------------------------------------------------------------------
Loading part: xc7a35tcpg236-1
---------------------------------------------------------------------------------
Finished Loading Part and Timing Information : Time (s): cpu = 00:00:07 ; elapsed = 00:00:15 . Memory (MB): peak = 1066.383 ; gain = 41.094
---------------------------------------------------------------------------------
---------------------------------------------------------------------------------
Start Applying 'set_property' XDC Constraints
---------------------------------------------------------------------------------
---------------------------------------------------------------------------------
Finished applying 'set_property' XDC Constraints : Time (s): cpu = 00:00:07 ; elapsed = 00:00:15 . Memory (MB): peak = 1066.383 ; gain = 41.094
---------------------------------------------------------------------------------
---------------------------------------------------------------------------------
Finished RTL Optimization Phase 2 : Time (s): cpu = 00:00:07 ; elapsed = 00:00:16 . Memory (MB): peak = 1066.383 ; gain = 41.094
---------------------------------------------------------------------------------
---------------------------------------------------------------------------------
Start RTL Component Statistics 
---------------------------------------------------------------------------------
Detailed RTL Component Info : 
+---Adders : 
	   2 Input   26 Bit       Adders := 1     
	   2 Input   11 Bit       Adders := 46    
	   2 Input   10 Bit       Adders := 2     
	   2 Input    4 Bit       Adders := 3     
	   2 Input    1 Bit       Adders := 1     
+---Registers : 
	               26 Bit    Registers := 1     
	               10 Bit    Registers := 2     
	                4 Bit    Registers := 15    
	                1 Bit    Registers := 11    
+---Muxes : 
	   2 Input   26 Bit        Muxes := 1     
	   2 Input    4 Bit        Muxes := 15    
	   2 Input    1 Bit        Muxes := 27    
	  11 Input    1 Bit        Muxes := 3     
	  10 Input    1 Bit        Muxes := 1     
	   5 Input    1 Bit        Muxes := 1     
	   6 Input    1 Bit        Muxes := 1     
	   8 Input    1 Bit        Muxes := 1     
---------------------------------------------------------------------------------
Finished RTL Component Statistics 
---------------------------------------------------------------------------------
---------------------------------------------------------------------------------
Start Part Resource Summary
---------------------------------------------------------------------------------
Part Resources:
DSPs: 90 (col length:60)
BRAMs: 100 (col length: RAMB18 60 RAMB36 30)
---------------------------------------------------------------------------------
Finished Part Resource Summary
---------------------------------------------------------------------------------
---------------------------------------------------------------------------------
Start Cross Boundary and Area Optimization
---------------------------------------------------------------------------------
---------------------------------------------------------------------------------
Finished Cross Boundary and Area Optimization : Time (s): cpu = 00:00:08 ; elapsed = 00:00:22 . Memory (MB): peak = 1066.383 ; gain = 41.094
---------------------------------------------------------------------------------
---------------------------------------------------------------------------------
Start Applying XDC Timing Constraints
---------------------------------------------------------------------------------
---------------------------------------------------------------------------------
Finished Applying XDC Timing Constraints : Time (s): cpu = 00:00:10 ; elapsed = 00:00:32 . Memory (MB): peak = 1066.383 ; gain = 41.094
---------------------------------------------------------------------------------
---------------------------------------------------------------------------------
Start Timing Optimization
---------------------------------------------------------------------------------
---------------------------------------------------------------------------------
Finished Timing Optimization : Time (s): cpu = 00:00:10 ; elapsed = 00:00:32 . Memory (MB): peak = 1066.383 ; gain = 41.094
---------------------------------------------------------------------------------
---------------------------------------------------------------------------------
Start Technology Mapping
---------------------------------------------------------------------------------
---------------------------------------------------------------------------------
Finished Technology Mapping : Time (s): cpu = 00:00:10 ; elapsed = 00:00:32 . Memory (MB): peak = 1066.383 ; gain = 41.094
---------------------------------------------------------------------------------
---------------------------------------------------------------------------------
Start IO Insertion
---------------------------------------------------------------------------------
---------------------------------------------------------------------------------
Start Flattening Before IO Insertion
---------------------------------------------------------------------------------
---------------------------------------------------------------------------------
Finished Flattening Before IO Insertion
---------------------------------------------------------------------------------
---------------------------------------------------------------------------------
Start Final Netlist Cleanup
---------------------------------------------------------------------------------
---------------------------------------------------------------------------------
Finished Final Netlist Cleanup
---------------------------------------------------------------------------------
---------------------------------------------------------------------------------
Finished IO Insertion : Time (s): cpu = 00:00:10 ; elapsed = 00:00:36 . Memory (MB): peak = 1066.383 ; gain = 41.094
---------------------------------------------------------------------------------
---------------------------------------------------------------------------------
Start Renaming Generated Instances
---------------------------------------------------------------------------------
---------------------------------------------------------------------------------
Finished Renaming Generated Instances : Time (s): cpu = 00:00:10 ; elapsed = 00:00:36 . Memory (MB): peak = 1066.383 ; gain = 41.094
---------------------------------------------------------------------------------
---------------------------------------------------------------------------------
Start Rebuilding User Hierarchy
---------------------------------------------------------------------------------
---------------------------------------------------------------------------------
Finished Rebuilding User Hierarchy : Time (s): cpu = 00:00:10 ; elapsed = 00:00:36 . Memory (MB): peak = 1066.383 ; gain = 41.094
---------------------------------------------------------------------------------
---------------------------------------------------------------------------------
Start Renaming Generated Ports
---------------------------------------------------------------------------------
---------------------------------------------------------------------------------
Finished Renaming Generated Ports : Time (s): cpu = 00:00:10 ; elapsed = 00:00:36 . Memory (MB): peak = 1066.383 ; gain = 41.094
---------------------------------------------------------------------------------
---------------------------------------------------------------------------------
Start Handling Custom Attributes
---------------------------------------------------------------------------------
---------------------------------------------------------------------------------
Finished Handling Custom Attributes : Time (s): cpu = 00:00:10 ; elapsed = 00:00:36 . Memory (MB): peak = 1066.383 ; gain = 41.094
---------------------------------------------------------------------------------
---------------------------------------------------------------------------------
Start Renaming Generated Nets
---------------------------------------------------------------------------------
---------------------------------------------------------------------------------
Finished Renaming Generated Nets : Time (s): cpu = 00:00:10 ; elapsed = 00:00:36 . Memory (MB): peak = 1066.383 ; gain = 41.094
---------------------------------------------------------------------------------
---------------------------------------------------------------------------------
Start Writing Synthesis Report
---------------------------------------------------------------------------------

Report BlackBoxes: 
+-+--------------+----------+
| |BlackBox name |Instances |
+-+--------------+----------+
+-+--------------+----------+

Report Cell Usage: 
+------+-------+------+
|      |Cell   |Count |
+------+-------+------+
|1     |BUFG   |     2|
|2     |CARRY4 |     7|
|3     |LUT1   |     3|
|4     |LUT2   |    67|
|5     |LUT3   |    30|
|6     |LUT4   |    51|
|7     |LUT5   |    59|
|8     |LUT6   |   258|
|9     |FDRE   |    72|
|10    |FDSE   |     2|
|11    |IBUF   |     6|
|12    |OBUF   |    14|
+------+-------+------+
---------------------------------------------------------------------------------
Finished Writing Synthesis Report : Time (s): cpu = 00:00:10 ; elapsed = 00:00:36 . Memory (MB): peak = 1066.383 ; gain = 41.094
---------------------------------------------------------------------------------
Synthesis finished with 0 errors, 0 critical warnings and 0 warnings.
Synthesis Optimization Runtime : Time (s): cpu = 00:00:05 ; elapsed = 00:00:34 . Memory (MB): peak = 1066.383 ; gain = 0.000
Synthesis Optimization Complete : Time (s): cpu = 00:00:10 ; elapsed = 00:00:36 . Memory (MB): peak = 1066.383 ; gain = 41.094
INFO: [Project 1-571] Translating synthesized netlist
Netlist sorting complete. Time (s): cpu = 00:00:00 ; elapsed = 00:00:00.013 . Memory (MB): peak = 1072.047 ; gain = 0.000
INFO: [Netlist 29-17] Analyzing 7 Unisim elements for replacement
INFO: [Netlist 29-28] Unisim Transformation completed in 0 CPU seconds
INFO: [Project 1-570] Preparing netlist for logic optimization
INFO: [Opt 31-138] Pushed 0 inverter(s) to 0 load pin(s).
Netlist sorting complete. Time (s): cpu = 00:00:00 ; elapsed = 00:00:00 . Memory (MB): peak = 1073.094 ; gain = 0.000
INFO: [Project 1-111] Unisim Transformation Summary:
No Unisim elements were transformed.

INFO: [Common 17-83] Releasing license: Synthesis
41 Infos, 3 Warnings, 0 Critical Warnings and 0 Errors encountered.
synth_design completed successfully
synth_design: Time (s): cpu = 00:00:12 ; elapsed = 00:00:45 . Memory (MB): peak = 1073.094 ; gain = 47.805
INFO: [Common 17-1381] The checkpoint 'C:/Users/V/Desktop/Car_Maze_Game/project_2.runs/synth_1/TopLevelModule_vga.dcp' has been generated.
INFO: [runtcl-4] Executing : report_utilization -file TopLevelModule_vga_utilization_synth.rpt -pb TopLevelModule_vga_utilization_synth.pb
INFO: [Common 17-206] Exiting Vivado at Thu Dec 12 05:55:28 2024...
