Copyright 1986-2020 Xilinx, Inc. All Rights Reserved.
-----------------------------------------------------------------------------------------------
| Tool Version : Vivado v.2020.1 (win64) Build 2902540 Wed May 27 19:54:49 MDT 2020
| Date         : Thu Dec 12 05:56:14 2024
| Host         : Victus running 64-bit major release  (build 9200)
| Command      : report_control_sets -verbose -file TopLevelModule_vga_control_sets_placed.rpt
| Design       : TopLevelModule_vga
| Device       : xc7a35t
-----------------------------------------------------------------------------------------------

Control Set Information

Table of Contents
-----------------
1. Summary
2. Histogram
3. Flip-Flop Distribution
4. Detailed Control Set Information

1. Summary
----------

+----------------------------------------------------------+-------+
|                          Status                          | Count |
+----------------------------------------------------------+-------+
| Total control sets                                       |     8 |
|    Minimum number of control sets                        |     8 |
|    Addition due to synthesis replication                 |     0 |
|    Addition due to physical synthesis replication        |     0 |
| Unused register locations in slices containing registers |    30 |
+----------------------------------------------------------+-------+
* Control sets can be merged at opt_design using control_set_merge or merge_equivalent_drivers
** Run report_qor_suggestions for automated merging and remapping suggestions


2. Histogram
------------

+--------------------+-------+
|       Fanout       | Count |
+--------------------+-------+
| Total control sets |     8 |
| >= 0 to < 4        |     0 |
| >= 4 to < 6        |     3 |
| >= 6 to < 8        |     0 |
| >= 8 to < 10       |     2 |
| >= 10 to < 12      |     2 |
| >= 12 to < 14      |     0 |
| >= 14 to < 16      |     0 |
| >= 16              |     1 |
+--------------------+-------+
* Control sets can be remapped at either synth_design or opt_design


3. Flip-Flop Distribution
-------------------------

+--------------+-----------------------+------------------------+-----------------+--------------+
| Clock Enable | Synchronous Set/Reset | Asynchronous Set/Reset | Total Registers | Total Slices |
+--------------+-----------------------+------------------------+-----------------+--------------+
| No           | No                    | No                     |              16 |           10 |
| No           | No                    | Yes                    |               0 |            0 |
| No           | Yes                   | No                     |              14 |            7 |
| Yes          | No                    | No                     |               8 |            4 |
| Yes          | No                    | Yes                    |               0 |            0 |
| Yes          | Yes                   | No                     |              36 |           10 |
+--------------+-----------------------+------------------------+-----------------+--------------+


4. Detailed Control Set Information
-----------------------------------

+----------------+----------------------------+-----------------------+------------------+----------------+--------------+
|  Clock Signal  |        Enable Signal       |    Set/Reset Signal   | Slice Load Count | Bel Load Count | Bels / Slice |
+----------------+----------------------------+-----------------------+------------------+----------------+--------------+
|  clk_IBUF_BUFG | tens[3]_i_1_n_0            |                       |                2 |              4 |         2.00 |
|  clk_IBUF_BUFG | units[3]_i_1_n_0           |                       |                2 |              4 |         2.00 |
|  clk_d_BUFG    |                            | hc/h_count_reg[8]_5   |                1 |              4 |         4.00 |
|  clk_IBUF_BUFG |                            |                       |                5 |              8 |         1.60 |
|  clk_d_BUFG    |                            |                       |                5 |              8 |         1.60 |
|  clk_d_BUFG    |                            | hc/h_count[9]_i_1_n_0 |                6 |             10 |         1.67 |
|  clk_d_BUFG    | hc/E[0]                    | vc/v_count[9]_i_1_n_0 |                3 |             10 |         3.33 |
|  clk_IBUF_BUFG | second_counter[25]_i_1_n_0 | reset_button_IBUF     |                7 |             26 |         3.71 |
+----------------+----------------------------+-----------------------+------------------+----------------+--------------+


